<request name="REQ">
    <info name="INFO">
        <TRX_CODE name="TRX_CODE">10002</TRX_CODE>
        <VERSION name="VERSION">1.0.0</VERSION>
        <DATA_TYPE name="DATA_TYPE">ISO</DATA_TYPE>
        <REQ_SN name="REQ_SN">SN_FSDFAFSFSFS</REQ_SN>
    </info>
    <body name="BODY">
        <MERCHANT_ID name="MERCHANT_ID">
            MID_234234234MID_234234234MID_234234234MID_234234234MID_234234234MID_234234234MID_234234234MID_234234234MID_234234234MID_234234234MID_234234234MID_234234234MID_234234234MID_234234234MID_234234234MID_234234234MID_234234234MID_234234234MID_234234234MID_234234234MID_234234234MID_234234234MID_234234234MID_234234234MID_234234234MID_234234234MID_234234234MID_234234234MID_234234234MID_234234234MID_234234234MID_234234234MID_234234234MID_234234234MID_234234234MID_234234234MID_234234234MID_234234234MID_234234234MID_234234234MID_234234234MID_234234234MID_234234234MID_234234234MID_234234234MID_234234234MID_234234234MID_234234234MID_234234234MID_234234234MID_234234234MID_234234234MID_234234234MID_234234234MID_234234234MID_234234234MID_234234234MID_234234234MID_234234234MID_234234234MID_234234234MID_234234234MID_234234234MID_234234234MID_234234234MID_234234234MID_234234234MID_234234234MID_234234234MID_234234234MID_234234234MID_234234234MID_234234234MID_234234234MID_234234234MID_234234234MID_234234234MID_234234234MID_234234234MID_234234234MID_234234234MID_234234234MID_234234234MID_234234234MID_234234234MID_234234234MID_234234234MID_234234234MID_234234234MID_234234234MID_234234234MID_234234234MID_234234234MID_234234234MID_234234234MID_234234234MID_234234234MID_234234234MID_234234234MID_234234234MID_234234234MID_234234234MID_234234234MID_234234234MID_234234234MID_234234234MID_234234234MID_234234234MID_234234234MID_234234234MID_234234234MID_234234234MID_234234234MID_234234234MID_234234234MID_234234234MID_234234234MID_234234234MID_234234234MID_234234234MID_234234234MID_234234234MID_234234234MID_234234234MID_234234234MID_234234234MID_234234234MID_234234234MID_234234234MID_234234234MID_234234234MID_234234234MID_234234234MID_234234234MID_234234234MID_234234234MID_234234234MID_234234234MID_234234234MID_234234234MID_234234234MID_234234234MID_234234234MID_234234234MID_234234234MID_234234234MID_234234234MID_234234234MID_234234234MID_234234234MID_234234234MID_234234234MID_234234234MID_234234234MID_234234234MID_234234234MID_234234234MID_234234234MID_234234234MID_234234234MID_234234234MID_234234234MID_234234234MID_234234234MID_234234234MID_234234234MID_234234234MID_234234234MID_234234234MID_234234234MID_234234234MID_234234234MID_234234234MID_234234234MID_234234234MID_234234234MID_234234234MID_234234234MID_234234234MID_234234234MID_234234234MID_234234234MID_234234234MID_234234234MID_234234234MID_234234234MID_234234234MID_234234234MID_234234234MID_234234234MID_234234234MID_234234234MID_234234234MID_234234234MID_234234234MID_234234234MID_234234234MID_234234234MID_234234234MID_234234234MID_234234234MID_234234234MID_234234234MID_234234234MID_234234234MID_234234234MID_234234234MID_234234234MID_234234234MID_234234234MID_234234234MID_234234234MID_234234234MID_234234234MID_234234234MID_234234234MID_234234234MID_234234234MID_234234234MID_234234234MID_234234234MID_234234234MID_234234234MID_234234234MID_234234234MID_234234234MID_234234234MID_234234234MID_234234234MID_234234234MID_234234234MID_234234234MID_234234234MID_234234234MID_234234234MID_234234234MID_234234234MID_234234234MID_234234234MID_234234234MID_234234234MID_234234234MID_234234234MID_234234234MID_234234234MID_234234234MID_234234234MID_234234234MID_234234234MID_234234234MID_234234234MID_234234234MID_234234234MID_234234234MID_234234234MID_234234234MID_234234234MID_234234234MID_234234234MID_234234234MID_234234234MID_234234234MID_234234234MID_234234234MID_234234234MID_234234234MID_234234234MID_234234234MID_234234234MID_234234234MID_234234234MID_234234234MID_234234234MID_234234234MID_234234234MID_234234234MID_234234234MID_234234234MID_234234234MID_234234234MID_234234234MID_234234234MID_234234234MID_234234234MID_234234234MID_234234234MID_234234234MID_234234234MID_234234234MID_234234234MID_234234234MID_234234234MID_234234234MID_234234234MID_234234234MID_234234234MID_234234234MID_234234234MID_234234234MID_234234234MID_234234234MID_234234234MID_234234234MID_234234234MID_234234234MID_234234234MID_234234234MID_234234234MID_234234234MID_234234234MID_234234234MID_234234234MID_234234234MID_234234234MID_234234234MID_234234234MID_234234234MID_234234234MID_234234234MID_234234234MID_234234234MID_234234234MID_234234234MID_234234234MID_234234234MID_234234234MID_234234234MID_234234234MID_234234234MID_234234234MID_234234234MID_234234234MID_234234234MID_234234234MID_234234234MID_234234234MID_234234234MID_234234234MID_234234234MID_234234234MID_234234234MID_234234234MID_234234234MID_234234234MID_234234234MID_234234234MID_234234234MID_234234234MID_234234234MID_234234234MID_234234234MID_234234234MID_234234234MID_234234234MID_234234234MID_234234234MID_234234234MID_234234234MID_234234234MID_234234234MID_234234234MID_234234234MID_234234234MID_234234234MID_234234234MID_234234234MID_234234234MID_234234234MID_234234234MID_234234234MID_234234234MID_234234234MID_234234234MID_234234234MID_234234234MID_234234234MID_234234234MID_234234234MID_234234234MID_234234234MID_234234234MID_234234234MID_234234234MID_234234234MID_234234234MID_234234234MID_234234234MID_234234234MID_234234234MID_234234234MID_234234234MID_234234234MID_234234234MID_234234234MID_234234234MID_234234234MID_234234234MID_234234234MID_234234234MID_234234234MID_234234234MID_234234234MID_234234234MID_234234234MID_234234234MID_234234234MID_234234234MID_234234234MID_234234234MID_234234234MID_234234234MID_234234234MID_234234234MID_234234234MID_234234234MID_234234234MID_234234234MID_234234234MID_234234234MID_234234234MID_234234234MID_234234234MID_234234234MID_234234234MID_234234234MID_234234234MID_234234234MID_234234234MID_234234234MID_234234234MID_234234234MID_234234234MID_234234234MID_234234234MID_234234234MID_234234234MID_234234234MID_234234234MID_234234234MID_234234234MID_234234234MID_234234234MID_234234234MID_234234234MID_234234234MID_234234234MID_234234234MID_234234234MID_234234234MID_234234234MID_234234234MID_234234234MID_234234234MID_234234234MID_234234234MID_234234234MID_234234234MID_234234234MID_234234234MID_234234234MID_234234234MID_234234234MID_234234234MID_234234234MID_234234234MID_234234234MID_234234234MID_234234234MID_234234234MID_234234234MID_234234234MID_234234234MID_234234234MID_234234234MID_234234234MID_234234234MID_234234234MID_234234234MID_234234234MID_234234234MID_234234234MID_234234234MID_234234234MID_234234234MID_234234234MID_234234234MID_234234234MID_234234234MID_234234234MID_234234234MID_234234234MID_234234234MID_234234234MID_234234234MID_234234234MID_234234234MID_234234234MID_234234234MID_234234234MID_234234234MID_234234234MID_234234234MID_234234234MID_234234234MID_234234234MID_234234234MID_234234234MID_234234234MID_234234234MID_234234234MID_234234234MID_234234234MID_234234234MID_234234234MID_234234234MID_234234234MID_234234234MID_234234234MID_234234234MID_234234234MID_234234234MID_234234234MID_234234234MID_234234234MID_234234234MID_234234234MID_234234234MID_234234234MID_234234234MID_234234234MID_234234234MID_234234234MID_234234234MID_234234234MID_234234234MID_234234234MID_234234234MID_234234234MID_234234234MID_234234234MID_234234234MID_234234234MID_234234234MID_234234234MID_234234234MID_234234234MID_234234234MID_234234234MID_234234234MID_234234234MID_234234234MID_234234234MID_234234234MID_234234234MID_234234234MID_234234234MID_234234234MID_234234234MID_234234234MID_234234234MID_234234234MID_234234234MID_234234234MID_234234234MID_234234234MID_234234234MID_234234234MID_234234234MID_234234234MID_234234234MID_234234234MID_234234234MID_234234234MID_234234234MID_234234234MID_234234234MID_234234234MID_234234234MID_234234234MID_234234234MID_234234234MID_234234234MID_234234234MID_234234234MID_234234234MID_234234234MID_234234234MID_234234234MID_234234234MID_234234234MID_234234234MID_234234234MID_234234234MID_234234234MID_234234234MID_234234234MID_234234234MID_234234234MID_234234234MID_234234234MID_234234234MID_234234234MID_234234234MID_234234234MID_234234234MID_234234234MID_234234234MID_234234234MID_234234234MID_234234234MID_234234234MID_234234234MID_234234234MID_234234234MID_234234234MID_234234234MID_234234234MID_234234234MID_234234234MID_234234234MID_234234234MID_234234234MID_234234234MID_234234234MID_234234234MID_234234234MID_234234234MID_234234234MID_234234234MID_234234234MID_234234234MID_234234234MID_234234234MID_234234234MID_234234234MID_234234234MID_234234234MID_234234234MID_234234234MID_234234234MID_234234234MID_234234234MID_234234234MID_234234234MID_234234234MID_234234234MID_234234234MID_234234234MID_234234234MID_234234234MID_234234234MID_234234234MID_234234234MID_234234234MID_234234234MID_234234234MID_234234234MID_234234234MID_234234234MID_234234234MID_234234234MID_234234234MID_234234234MID_234234234MID_234234234MID_234234234MID_234234234MID_234234234MID_234234234MID_234234234MID_234234234MID_234234234MID_234234234MID_234234234MID_234234234MID_234234234MID_234234234MID_234234234MID_234234234MID_234234234MID_234234234MID_234234234MID_234234234MID_234234234MID_234234234MID_234234234MID_234234234MID_234234234MID_234234234MID_234234234MID_234234234MID_234234234MID_234234234MID_234234234MID_234234234MID_234234234MID_234234234MID_234234234MID_234234234MID_234234234MID_234234234MID_234234234MID_234234234MID_234234234MID_234234234MID_234234234MID_234234234MID_234234234MID_234234234MID_234234234MID_234234234MID_234234234MID_234234234MID_234234234MID_234234234MID_234234234MID_234234234MID_234234234MID_234234234MID_234234234MID_234234234MID_234234234MID_234234234MID_234234234MID_234234234MID_234234234MID_234234234MID_234234234MID_234234234MID_234234234MID_234234234MID_234234234MID_234234234MID_234234234MID_234234234MID_234234234MID_234234234MID_234234234MID_234234234MID_234234234MID_234234234MID_234234234MID_234234234MID_234234234MID_234234234MID_234234234MID_234234234MID_234234234MID_234234234MID_234234234MID_234234234MID_234234234MID_234234234MID_234234234MID_234234234MID_234234234
        </MERCHANT_ID>
        <element name="START_TIME">TM_20230101</element>
        <element name="END_TIME">TM_20230202</element>
        <END_TIME>TM_20230202</END_TIME>
        <START_TIME name="START_TIME">TM_20230202</START_TIME>
        <element name="END_TIME">TM_20230202</element>
        <element name="END_TIME">TM_20230202</element>
        <element name="END_TIME">TM_20230202</element>
        <element name="END_TIME">TM_20230202</element>
        <element name="END_TIME">TM_20230202</element>
        <element name="MERCHANT_ID">MID_234234234</element>
        <element name="START_TIME">TM_20230101</element>
        <element name="END_TIME">TM_20230202</element>
        <element name="END_TIME">TM_20230202</element>
        <element name="END_TIME">TM_20230202</element>
        <element name="END_TIME">TM_20230202</element>
        <element name="END_TIME">TM_20230202</element>
        <element name="END_TIME">TM_20230202</element>
        <element name="END_TIME">TM_20230202</element>
        <element name="END_TIME">TM_20230202</element>
        <element name="MERCHANT_ID">MID_234234234</element>
        <element name="START_TIME">TM_20230101</element>
        <element name="END_TIME">TM_20230202</element>
        <element name="END_TIME">TM_20230202</element>
        <element name="END_TIME">TM_20230202</element>
        <element name="END_TIME">TM_20230202</element>
        <element name="END_TIME">TM_20230202</element>
        <element name="END_TIME">TM_20230202</element>
        <element name="END_TIME">TM_20230202</element>
        <element name="END_TIME">TM_20230202</element>
        <element name="MERCHANT_ID">MID_234234234</element>
        <element name="START_TIME">TM_20230101</element>
        <element name="END_TIME">TM_20230202</element>
        <element name="END_TIME">TM_20230202</element>
        <element name="END_TIME">TM_20230202</element>
        <element name="END_TIME">TM_20230202</element>
        <element name="END_TIME">TM_20230202</element>
        <element name="END_TIME">TM_20230202</element>
        <element name="END_TIME">TM_20230202</element>
        <element name="END_TIME">TM_20230202</element>
        <element name="MERCHANT_ID">MID_234234234</element>
        <element name="START_TIME">TM_20230101</element>
        <element name="END_TIME">TM_20230202</element>
        <element name="END_TIME">TM_20230202</element>
        <element name="END_TIME">TM_20230202</element>
        <element name="END_TIME">TM_20230202</element>
        <element name="END_TIME">TM_20230202</element>
        <element name="END_TIME">TM_20230202</element>
        <element name="END_TIME">TM_20230202</element>
        <element name="END_TIME">TM_20230202</element>
        <element name="MERCHANT_ID">MID_234234234</element>
        <element name="START_TIME">TM_20230101</element>
        <element name="END_TIME">TM_20230202</element>
        <element name="END_TIME">TM_20230202</element>
        <element name="END_TIME">TM_20230202</element>
        <element name="END_TIME">TM_20230202</element>
        <element name="END_TIME">TM_20230202</element>
        <element name="END_TIME">TM_20230202</element>
        <element name="END_TIME">TM_20230202</element>
        <element name="END_TIME">TM_20230202</element>
        <element name="MERCHANT_ID">MID_234234234</element>
        <element name="START_TIME">TM_20230101</element>
        <element name="END_TIME">TM_20230202</element>
        <element name="END_TIME">TM_20230202</element>
        <element name="END_TIME">TM_20230202</element>
        <element name="END_TIME">TM_20230202</element>
        <element name="END_TIME">TM_20230202</element>
        <element name="END_TIME">TM_20230202</element>
        <element name="END_TIME">TM_20230202</element>
        <element name="END_TIME">TM_20230202</element>
        <element name="MERCHANT_ID">MID_234234234</element>
        <element name="START_TIME">TM_20230101</element>
        <element name="END_TIME">TM_20230202</element>
        <element name="END_TIME">TM_20230202</element>
        <element name="END_TIME">TM_20230202</element>
        <element name="END_TIME">TM_20230202</element>
        <element name="END_TIME">TM_20230202</element>
        <element name="END_TIME">TM_20230202</element>
        <element name="END_TIME">TM_20230202</element>
        <element name="END_TIME">TM_20230202</element>
        <element name="MERCHANT_ID">MID_234234234</element>
        <element name="START_TIME">TM_20230101</element>
        <element name="END_TIME">TM_20230202</element>
        <element name="END_TIME">TM_20230202</element>
        <element name="END_TIME">TM_20230202</element>
        <element name="END_TIME">TM_20230202</element>
        <element name="END_TIME">TM_20230202</element>
        <element name="END_TIME">TM_20230202</element>
        <element name="END_TIME">TM_20230202</element>
        <element name="END_TIME">TM_20230202</element>
        <element name="MERCHANT_ID">MID_234234234</element>
        <element name="START_TIME">TM_20230101</element>
        <element name="END_TIME">TM_20230202</element>
        <element name="END_TIME">TM_20230202</element>
        <element name="END_TIME">TM_20230202</element>
        <element name="END_TIME">TM_20230202</element>
        <element name="END_TIME">TM_20230202</element>
        <element name="END_TIME">TM_20230202</element>
        <element name="END_TIME">TM_20230202</element>
        <element name="END_TIME">TM_20230202</element>
    </body>
</request>